{"/Users/reagan_thomas/Desktop/functional/sum/lib/index.js":{"path":"/Users/reagan_thomas/Desktop/functional/sum/lib/index.js","s":{"1":1,"2":1,"3":1,"4":1,"5":5,"6":0,"7":5,"8":1,"9":2421,"10":606,"11":618,"12":1815,"13":1,"14":201,"15":1,"16":602,"17":1,"18":5,"19":1,"20":304,"21":1},"b":{"1":[0,5],"2":[5,5],"3":[0,5],"4":[606,1815]},"f":{"1":1,"2":5,"3":2421,"4":618,"5":201,"6":602,"7":5,"8":304},"fnMap":{"1":{"name":"(anonymous_1)","line":1,"loc":{"start":{"line":1,"column":1},"end":{"line":1,"column":12}}},"2":{"name":"inspect","line":5,"loc":{"start":{"line":5,"column":2},"end":{"line":5,"column":22}}},"3":{"name":"(anonymous_3)","line":20,"loc":{"start":{"line":20,"column":24},"end":{"line":20,"column":40}}},"4":{"name":"(anonymous_4)","line":22,"loc":{"start":{"line":22,"column":32},"end":{"line":22,"column":51}}},"5":{"name":"(anonymous_5)","line":35,"loc":{"start":{"line":35,"column":24},"end":{"line":35,"column":35}}},"6":{"name":"(anonymous_6)","line":42,"loc":{"start":{"line":42,"column":25},"end":{"line":42,"column":40}}},"7":{"name":"(anonymous_7)","line":51,"loc":{"start":{"line":51,"column":26},"end":{"line":51,"column":37}}},"8":{"name":"(anonymous_8)","line":58,"loc":{"start":{"line":58,"column":26},"end":{"line":58,"column":41}}}},"statementMap":{"1":{"start":{"line":1,"column":0},"end":{"line":61,"column":5}},"2":{"start":{"line":2,"column":2},"end":{"line":2,"column":40}},"3":{"start":{"line":3,"column":2},"end":{"line":3,"column":74}},"4":{"start":{"line":5,"column":2},"end":{"line":8,"column":3}},"5":{"start":{"line":6,"column":4},"end":{"line":6,"column":52}},"6":{"start":{"line":6,"column":38},"end":{"line":6,"column":52}},"7":{"start":{"line":7,"column":4},"end":{"line":7,"column":39}},"8":{"start":{"line":20,"column":2},"end":{"line":28,"column":5}},"9":{"start":{"line":21,"column":4},"end":{"line":27,"column":5}},"10":{"start":{"line":22,"column":6},"end":{"line":24,"column":12}},"11":{"start":{"line":23,"column":8},"end":{"line":23,"column":25}},"12":{"start":{"line":26,"column":6},"end":{"line":26,"column":25}},"13":{"start":{"line":35,"column":2},"end":{"line":35,"column":54}},"14":{"start":{"line":35,"column":37},"end":{"line":35,"column":51}},"15":{"start":{"line":42,"column":2},"end":{"line":44,"column":4}},"16":{"start":{"line":43,"column":4},"end":{"line":43,"column":40}},"17":{"start":{"line":51,"column":2},"end":{"line":51,"column":84}},"18":{"start":{"line":51,"column":39},"end":{"line":51,"column":81}},"19":{"start":{"line":58,"column":2},"end":{"line":58,"column":87}},"20":{"start":{"line":58,"column":43},"end":{"line":58,"column":84}},"21":{"start":{"line":60,"column":2},"end":{"line":60,"column":23}}},"branchMap":{"1":{"line":6,"type":"if","locations":[{"start":{"line":6,"column":4},"end":{"line":6,"column":4}},{"start":{"line":6,"column":4},"end":{"line":6,"column":4}}]},"2":{"line":6,"type":"binary-expr","locations":[{"start":{"line":6,"column":7},"end":{"line":6,"column":17}},{"start":{"line":6,"column":21},"end":{"line":6,"column":36}}]},"3":{"line":7,"type":"cond-expr","locations":[{"start":{"line":7,"column":23},"end":{"line":7,"column":34}},{"start":{"line":7,"column":37},"end":{"line":7,"column":38}}]},"4":{"line":21,"type":"if","locations":[{"start":{"line":21,"column":4},"end":{"line":21,"column":4}},{"start":{"line":21,"column":4},"end":{"line":21,"column":4}}]}}}}