TN:
SF:/Users/reagan_thomas/Desktop/functional/sum/lib/index.js
FN:1,(anonymous_1)
FN:5,inspect
FN:20,(anonymous_3)
FN:22,(anonymous_4)
FN:35,(anonymous_5)
FN:42,(anonymous_6)
FN:51,(anonymous_7)
FN:58,(anonymous_8)
FNF:8
FNH:8
FNDA:1,(anonymous_1)
FNDA:5,inspect
FNDA:2421,(anonymous_3)
FNDA:618,(anonymous_4)
FNDA:201,(anonymous_5)
FNDA:602,(anonymous_6)
FNDA:5,(anonymous_7)
FNDA:304,(anonymous_8)
DA:1,1
DA:2,1
DA:3,1
DA:5,1
DA:6,5
DA:7,5
DA:20,1
DA:21,2421
DA:22,606
DA:23,618
DA:26,1815
DA:35,201
DA:42,1
DA:43,602
DA:51,5
DA:58,304
DA:60,1
LF:17
LH:17
BRDA:6,1,0,0
BRDA:6,1,1,5
BRDA:6,2,0,5
BRDA:6,2,1,5
BRDA:7,3,0,0
BRDA:7,3,1,5
BRDA:21,4,0,606
BRDA:21,4,1,1815
BRF:8
BRH:6
end_of_record
